  Entity.cpp
C:\Users\Student_08\Desktop\RogoeLike2\RogueLike\RogueLike11\RogueLike11\Point.h(12,16): error C2143: синтаксическая ошибка: отсутствие ";" перед "*"
  (компиляция исходного файла "Entity.cpp")
  
C:\Users\Student_08\Desktop\RogoeLike2\RogueLike\RogueLike11\RogueLike11\Point.h(12,16): error C4430: отсутствует спецификатор типа - предполагается int. Примечание. C++ не поддерживает int по умолчанию
  (компиляция исходного файла "Entity.cpp")
  
C:\Users\Student_08\Desktop\RogoeLike2\RogueLike\RogueLike11\RogueLike11\Point.h(12,22): error C2238: непредвиденные лексемы перед ";"
  (компиляция исходного файла "Entity.cpp")
  
C:\Users\Student_08\Desktop\RogoeLike2\RogueLike\RogueLike11\RogueLike11\Point.h(15,25): error C2061: синтаксическая ошибка: идентификатор "SuperObject"
  (компиляция исходного файла "Entity.cpp")
  
C:\Users\Student_08\Desktop\RogoeLike2\RogueLike\RogueLike11\RogueLike11\Point.h(15,5): error C2535: Point::Point(Coord): функция-член уже определена или объявлена
  (компиляция исходного файла "Entity.cpp")
  C:\Users\Student_08\Desktop\RogoeLike2\RogueLike\RogueLike11\RogueLike11\Point.h(14,5):
   см. объявление "Point::Point"
  
C:\Users\Student_08\Desktop\RogoeLike2\RogueLike\RogueLike11\RogueLike11\Point.h(13,47): error C2614: Point: недопустимая инициализация члена: "into" не является базовым классом или членом
  (компиляция исходного файла "Entity.cpp")
  
C:\Users\Student_08\Desktop\RogoeLike2\RogueLike\RogueLike11\RogueLike11\Point.h(16,15): error C2065: iconP: необъявленный идентификатор
  (компиляция исходного файла "Entity.cpp")
  
C:\Users\Student_08\Desktop\RogoeLike2\RogueLike\RogueLike11\RogueLike11\Point.h(16,45): error C2065: intoP: необъявленный идентификатор
  (компиляция исходного файла "Entity.cpp")
  
C:\Users\Student_08\Desktop\RogoeLike2\RogueLike\RogueLike11\RogueLike11\Point.h(16,39): error C2614: Point: недопустимая инициализация члена: "into" не является базовым классом или членом
  (компиляция исходного файла "Entity.cpp")
  
C:\Users\Student_08\Desktop\RogoeLike2\RogueLike\RogueLike11\RogueLike11\Point.h(28,9): error C2065: into: необъявленный идентификатор
  (компиляция исходного файла "Entity.cpp")
  
C:\Users\Student_08\Desktop\RogoeLike2\RogueLike\RogueLike11\RogueLike11\SuperObject.h(30,12): error C2039: "into": не является членом "Point".
  (компиляция исходного файла "Entity.cpp")
  C:\Users\Student_08\Desktop\RogoeLike2\RogueLike\RogueLike11\RogueLike11\Point.h(7,7):
   см. объявление "Point"
  
C:\Users\Student_08\Desktop\RogoeLike2\RogueLike\RogueLike11\RogueLike11\SuperObject.h(32,12): error C2039: "into": не является членом "Point".
  (компиляция исходного файла "Entity.cpp")
  C:\Users\Student_08\Desktop\RogoeLike2\RogueLike\RogueLike11\RogueLike11\Point.h(7,7):
   см. объявление "Point"
  
  Point.cpp
C:\Users\Student_08\Desktop\RogoeLike2\RogueLike\RogueLike11\RogueLike11\SuperObject.h(12,10): error C2143: синтаксическая ошибка: отсутствие ";" перед "*"
  (компиляция исходного файла "Point.cpp")
  
C:\Users\Student_08\Desktop\RogoeLike2\RogueLike\RogueLike11\RogueLike11\SuperObject.h(12,10): error C4430: отсутствует спецификатор типа - предполагается int. Примечание. C++ не поддерживает int по умолчанию
  (компиляция исходного файла "Point.cpp")
  
C:\Users\Student_08\Desktop\RogoeLike2\RogueLike\RogueLike11\RogueLike11\SuperObject.h(12,17): error C2238: непредвиденные лексемы перед ";"
  (компиляция исходного файла "Point.cpp")
  
C:\Users\Student_08\Desktop\RogoeLike2\RogueLike\RogueLike11\RogueLike11\SuperObject.h(19,17): error C2061: синтаксическая ошибка: идентификатор "Point"
  (компиляция исходного файла "Point.cpp")
  
C:\Users\Student_08\Desktop\RogoeLike2\RogueLike\RogueLike11\RogueLike11\SuperObject.h(19,5): error C2535: SuperObject::SuperObject(void): функция-член уже определена или объявлена
  (компиляция исходного файла "Point.cpp")
  C:\Users\Student_08\Desktop\RogoeLike2\RogueLike\RogueLike11\RogueLike11\SuperObject.h(17,5):
   см. объявление "SuperObject::SuperObject"
  
C:\Users\Student_08\Desktop\RogoeLike2\RogueLike\RogueLike11\RogueLike11\SuperObject.h(28,23): error C2061: синтаксическая ошибка: идентификатор "Point"
  (компиляция исходного файла "Point.cpp")
  
C:\Users\Student_08\Desktop\RogoeLike2\RogueLike\RogueLike11\RogueLike11\SuperObject.h(18,58): error C2065: emptyChar: необъявленный идентификатор
  (компиляция исходного файла "Point.cpp")
  
C:\Users\Student_08\Desktop\RogoeLike2\RogueLike\RogueLike11\RogueLike11\SuperObject.h(18,9): error C2614: SuperObject: недопустимая инициализация члена: "place" не является базовым классом или членом
  (компиляция исходного файла "Point.cpp")
  
C:\Users\Student_08\Desktop\RogoeLike2\RogueLike\RogueLike11\RogueLike11\SuperObject.h(20,16): error C2065: speedP: необъявленный идентификатор
  (компиляция исходного файла "Point.cpp")
  
C:\Users\Student_08\Desktop\RogoeLike2\RogueLike\RogueLike11\RogueLike11\SuperObject.h(20,34): error C2065: directP: необъявленный идентификатор
  (компиляция исходного файла "Point.cpp")
  
C:\Users\Student_08\Desktop\RogoeLike2\RogueLike\RogueLike11\RogueLike11\SuperObject.h(20,51): error C2065: iconP: необъявленный идентификатор
  (компиляция исходного файла "Point.cpp")
  
C:\Users\Student_08\Desktop\RogoeLike2\RogueLike\RogueLike11\RogueLike11\SuperObject.h(21,14): error C2065: placeP: необъявленный идентификатор
  (компиляция исходного файла "Point.cpp")
  
C:\Users\Student_08\Desktop\RogoeLike2\RogueLike\RogueLike11\RogueLike11\SuperObject.h(26,16): error C2065: place: необъявленный идентификатор
  (компиляция исходного файла "Point.cpp")
  
C:\Users\Student_08\Desktop\RogoeLike2\RogueLike\RogueLike11\RogueLike11\SuperObject.h(30,9): error C2065: p: необъявленный идентификатор
  (компиляция исходного файла "Point.cpp")
  
C:\Users\Student_08\Desktop\RogoeLike2\RogueLike\RogueLike11\RogueLike11\SuperObject.h(31,9): error C2065: place: необъявленный идентификатор
  (компиляция исходного файла "Point.cpp")
  
C:\Users\Student_08\Desktop\RogoeLike2\RogueLike\RogueLike11\RogueLike11\SuperObject.h(31,17): error C2065: p: необъявленный идентификатор
  (компиляция исходного файла "Point.cpp")
  
C:\Users\Student_08\Desktop\RogoeLike2\RogueLike\RogueLike11\RogueLike11\SuperObject.h(32,9): error C2065: p: необъявленный идентификатор
  (компиляция исходного файла "Point.cpp")
  
C:\Users\Student_08\Desktop\RogoeLike2\RogueLike\RogueLike11\RogueLike11\SuperObject.h(40,22): error C2065: place: необъявленный идентификатор
  (компиляция исходного файла "Point.cpp")
  
C:\Users\Student_08\Desktop\RogoeLike2\RogueLike\RogueLike11\RogueLike11\SuperObject.h(40,21): error C2512: Coord::Coord: нет подходящего конструктора по умолчанию
  (компиляция исходного файла "Point.cpp")
  C:\Users\Student_08\Desktop\RogoeLike2\RogueLike\RogueLike11\RogueLike11\SuperObject.h(40,21):
  при попытке сопоставить список аргументов "()"
  
  RogueLike11.cpp
C:\Users\Student_08\Desktop\RogoeLike2\RogueLike\RogueLike11\RogueLike11\SuperObject.h(12,10): error C2143: синтаксическая ошибка: отсутствие ";" перед "*"
  (компиляция исходного файла "RogueLike11.cpp")
  
C:\Users\Student_08\Desktop\RogoeLike2\RogueLike\RogueLike11\RogueLike11\SuperObject.h(12,10): error C4430: отсутствует спецификатор типа - предполагается int. Примечание. C++ не поддерживает int по умолчанию
  (компиляция исходного файла "RogueLike11.cpp")
  
C:\Users\Student_08\Desktop\RogoeLike2\RogueLike\RogueLike11\RogueLike11\SuperObject.h(12,17): error C2238: непредвиденные лексемы перед ";"
  (компиляция исходного файла "RogueLike11.cpp")
  
C:\Users\Student_08\Desktop\RogoeLike2\RogueLike\RogueLike11\RogueLike11\SuperObject.h(19,17): error C2061: синтаксическая ошибка: идентификатор "Point"
  (компиляция исходного файла "RogueLike11.cpp")
  
C:\Users\Student_08\Desktop\RogoeLike2\RogueLike\RogueLike11\RogueLike11\SuperObject.h(19,5): error C2535: SuperObject::SuperObject(void): функция-член уже определена или объявлена
  (компиляция исходного файла "RogueLike11.cpp")
  C:\Users\Student_08\Desktop\RogoeLike2\RogueLike\RogueLike11\RogueLike11\SuperObject.h(17,5):
   см. объявление "SuperObject::SuperObject"
  
C:\Users\Student_08\Desktop\RogoeLike2\RogueLike\RogueLike11\RogueLike11\SuperObject.h(28,23): error C2061: синтаксическая ошибка: идентификатор "Point"
  (компиляция исходного файла "RogueLike11.cpp")
  
C:\Users\Student_08\Desktop\RogoeLike2\RogueLike\RogueLike11\RogueLike11\SuperObject.h(18,58): error C2065: emptyChar: необъявленный идентификатор
  (компиляция исходного файла "RogueLike11.cpp")
  
C:\Users\Student_08\Desktop\RogoeLike2\RogueLike\RogueLike11\RogueLike11\SuperObject.h(18,9): error C2614: SuperObject: недопустимая инициализация члена: "place" не является базовым классом или членом
  (компиляция исходного файла "RogueLike11.cpp")
  
C:\Users\Student_08\Desktop\RogoeLike2\RogueLike\RogueLike11\RogueLike11\SuperObject.h(20,16): error C2065: speedP: необъявленный идентификатор
  (компиляция исходного файла "RogueLike11.cpp")
  
C:\Users\Student_08\Desktop\RogoeLike2\RogueLike\RogueLike11\RogueLike11\SuperObject.h(20,34): error C2065: directP: необъявленный идентификатор
  (компиляция исходного файла "RogueLike11.cpp")
  
C:\Users\Student_08\Desktop\RogoeLike2\RogueLike\RogueLike11\RogueLike11\SuperObject.h(20,51): error C2065: iconP: необъявленный идентификатор
  (компиляция исходного файла "RogueLike11.cpp")
  
C:\Users\Student_08\Desktop\RogoeLike2\RogueLike\RogueLike11\RogueLike11\SuperObject.h(21,14): error C2065: placeP: необъявленный идентификатор
  (компиляция исходного файла "RogueLike11.cpp")
  
C:\Users\Student_08\Desktop\RogoeLike2\RogueLike\RogueLike11\RogueLike11\SuperObject.h(26,16): error C2065: place: необъявленный идентификатор
  (компиляция исходного файла "RogueLike11.cpp")
  
C:\Users\Student_08\Desktop\RogoeLike2\RogueLike\RogueLike11\RogueLike11\SuperObject.h(30,9): error C2065: p: необъявленный идентификатор
  (компиляция исходного файла "RogueLike11.cpp")
  
C:\Users\Student_08\Desktop\RogoeLike2\RogueLike\RogueLike11\RogueLike11\SuperObject.h(31,9): error C2065: place: необъявленный идентификатор
  (компиляция исходного файла "RogueLike11.cpp")
  
C:\Users\Student_08\Desktop\RogoeLike2\RogueLike\RogueLike11\RogueLike11\SuperObject.h(31,17): error C2065: p: необъявленный идентификатор
  (компиляция исходного файла "RogueLike11.cpp")
  
C:\Users\Student_08\Desktop\RogoeLike2\RogueLike\RogueLike11\RogueLike11\SuperObject.h(32,9): error C2065: p: необъявленный идентификатор
  (компиляция исходного файла "RogueLike11.cpp")
  
C:\Users\Student_08\Desktop\RogoeLike2\RogueLike\RogueLike11\RogueLike11\SuperObject.h(40,22): error C2065: place: необъявленный идентификатор
  (компиляция исходного файла "RogueLike11.cpp")
  
C:\Users\Student_08\Desktop\RogoeLike2\RogueLike\RogueLike11\RogueLike11\SuperObject.h(40,21): error C2512: Coord::Coord: нет подходящего конструктора по умолчанию
  (компиляция исходного файла "RogueLike11.cpp")
  C:\Users\Student_08\Desktop\RogoeLike2\RogueLike\RogueLike11\RogueLike11\SuperObject.h(40,21):
  при попытке сопоставить список аргументов "()"
  
C:\Users\Student_08\Desktop\RogoeLike2\RogueLike\RogueLike11\RogueLike11\Entity.h(14,20): error C2661: SuperObject::SuperObject: нет перегруженной функции, принимающей 4 аргументов
  (компиляция исходного файла "RogueLike11.cpp")
  C:\Users\Student_08\Desktop\RogoeLike2\RogueLike\RogueLike11\RogueLike11\Entity.h(14,20):
  при попытке сопоставить список аргументов "(Point *, int, int, char)"
  
C:\Users\Student_08\Desktop\RogoeLike2\RogueLike\RogueLike11\RogueLike11\Item.h(15,20): error C2661: SuperObject::SuperObject: нет перегруженной функции, принимающей 4 аргументов
  (компиляция исходного файла "RogueLike11.cpp")
  C:\Users\Student_08\Desktop\RogoeLike2\RogueLike\RogueLike11\RogueLike11\Item.h(15,20):
  при попытке сопоставить список аргументов "(Point *, int, int, char)"
  
C:\Users\Student_08\Desktop\RogoeLike2\RogueLike\RogueLike11\RogueLike11\RogueLike11.cpp(50,11): error C2660: SuperObject::link: функция не принимает 1 аргументов
  C:\Users\Student_08\Desktop\RogoeLike2\RogueLike\RogueLike11\RogueLike11\SuperObject.h(28,18):
   см. объявление "SuperObject::link"
  C:\Users\Student_08\Desktop\RogoeLike2\RogueLike\RogueLike11\RogueLike11\RogueLike11.cpp(50,11):
  при попытке сопоставить список аргументов "(Point *)"
  
C:\Users\Student_08\Desktop\RogoeLike2\RogueLike\RogueLike11\RogueLike11\RogueLike11.cpp(112,27): error C2660: SuperObject::link: функция не принимает 1 аргументов
  C:\Users\Student_08\Desktop\RogoeLike2\RogueLike\RogueLike11\RogueLike11\SuperObject.h(28,18):
   см. объявление "SuperObject::link"
  C:\Users\Student_08\Desktop\RogoeLike2\RogueLike\RogueLike11\RogueLike11\RogueLike11.cpp(112,27):
  при попытке сопоставить список аргументов "(Point *)"
  
  Source.cpp
C:\Users\Student_08\Desktop\RogoeLike2\RogueLike\RogueLike11\RogueLike11\SuperObject.h(12,10): error C2143: синтаксическая ошибка: отсутствие ";" перед "*"
  (компиляция исходного файла "Source.cpp")
  
C:\Users\Student_08\Desktop\RogoeLike2\RogueLike\RogueLike11\RogueLike11\SuperObject.h(12,10): error C4430: отсутствует спецификатор типа - предполагается int. Примечание. C++ не поддерживает int по умолчанию
  (компиляция исходного файла "Source.cpp")
  
C:\Users\Student_08\Desktop\RogoeLike2\RogueLike\RogueLike11\RogueLike11\SuperObject.h(12,17): error C2238: непредвиденные лексемы перед ";"
  (компиляция исходного файла "Source.cpp")
  
C:\Users\Student_08\Desktop\RogoeLike2\RogueLike\RogueLike11\RogueLike11\SuperObject.h(19,17): error C2061: синтаксическая ошибка: идентификатор "Point"
  (компиляция исходного файла "Source.cpp")
  
C:\Users\Student_08\Desktop\RogoeLike2\RogueLike\RogueLike11\RogueLike11\SuperObject.h(19,5): error C2535: SuperObject::SuperObject(void): функция-член уже определена или объявлена
  (компиляция исходного файла "Source.cpp")
  C:\Users\Student_08\Desktop\RogoeLike2\RogueLike\RogueLike11\RogueLike11\SuperObject.h(17,5):
   см. объявление "SuperObject::SuperObject"
  
C:\Users\Student_08\Desktop\RogoeLike2\RogueLike\RogueLike11\RogueLike11\SuperObject.h(28,23): error C2061: синтаксическая ошибка: идентификатор "Point"
  (компиляция исходного файла "Source.cpp")
  
C:\Users\Student_08\Desktop\RogoeLike2\RogueLike\RogueLike11\RogueLike11\SuperObject.h(18,58): error C2065: emptyChar: необъявленный идентификатор
  (компиляция исходного файла "Source.cpp")
  
C:\Users\Student_08\Desktop\RogoeLike2\RogueLike\RogueLike11\RogueLike11\SuperObject.h(18,9): error C2614: SuperObject: недопустимая инициализация члена: "place" не является базовым классом или членом
  (компиляция исходного файла "Source.cpp")
  
C:\Users\Student_08\Desktop\RogoeLike2\RogueLike\RogueLike11\RogueLike11\SuperObject.h(20,16): error C2065: speedP: необъявленный идентификатор
  (компиляция исходного файла "Source.cpp")
  
C:\Users\Student_08\Desktop\RogoeLike2\RogueLike\RogueLike11\RogueLike11\SuperObject.h(20,34): error C2065: directP: необъявленный идентификатор
  (компиляция исходного файла "Source.cpp")
  
C:\Users\Student_08\Desktop\RogoeLike2\RogueLike\RogueLike11\RogueLike11\SuperObject.h(20,51): error C2065: iconP: необъявленный идентификатор
  (компиляция исходного файла "Source.cpp")
  
C:\Users\Student_08\Desktop\RogoeLike2\RogueLike\RogueLike11\RogueLike11\SuperObject.h(21,14): error C2065: placeP: необъявленный идентификатор
  (компиляция исходного файла "Source.cpp")
  
C:\Users\Student_08\Desktop\RogoeLike2\RogueLike\RogueLike11\RogueLike11\SuperObject.h(26,16): error C2065: place: необъявленный идентификатор
  (компиляция исходного файла "Source.cpp")
  
C:\Users\Student_08\Desktop\RogoeLike2\RogueLike\RogueLike11\RogueLike11\SuperObject.h(30,9): error C2065: p: необъявленный идентификатор
  (компиляция исходного файла "Source.cpp")
  
C:\Users\Student_08\Desktop\RogoeLike2\RogueLike\RogueLike11\RogueLike11\SuperObject.h(31,9): error C2065: place: необъявленный идентификатор
  (компиляция исходного файла "Source.cpp")
  
C:\Users\Student_08\Desktop\RogoeLike2\RogueLike\RogueLike11\RogueLike11\SuperObject.h(31,17): error C2065: p: необъявленный идентификатор
  (компиляция исходного файла "Source.cpp")
  
C:\Users\Student_08\Desktop\RogoeLike2\RogueLike\RogueLike11\RogueLike11\SuperObject.h(32,9): error C2065: p: необъявленный идентификатор
  (компиляция исходного файла "Source.cpp")
  
C:\Users\Student_08\Desktop\RogoeLike2\RogueLike\RogueLike11\RogueLike11\SuperObject.h(40,22): error C2065: place: необъявленный идентификатор
  (компиляция исходного файла "Source.cpp")
  
C:\Users\Student_08\Desktop\RogoeLike2\RogueLike\RogueLike11\RogueLike11\SuperObject.h(40,21): error C2512: Coord::Coord: нет подходящего конструктора по умолчанию
  (компиляция исходного файла "Source.cpp")
  C:\Users\Student_08\Desktop\RogoeLike2\RogueLike\RogueLike11\RogueLike11\SuperObject.h(40,21):
  при попытке сопоставить список аргументов "()"
  
  Создание кода...
